Arguments: 
  /home/entio/.nvm/versions/node/v18.12.1/bin/node /home/entio/.nvm/versions/node/v18.12.1/bin/yarn run

PATH: 
  /home/entio/.nvm/versions/node/v18.12.1/bin:/home/entio/.npm-global/bin:/home/entio/.npm-global/bin:/home/entio/.local/bin:/usr/local/sbin:/usr/local/bin:/usr/sbin:/usr/bin:/sbin:/bin:/usr/games:/usr/local/games:/snap/bin:/snap/bin:/home/entio/.local/share/JetBrains/Toolbox/scripts:/usr/bin/node:/home/entio/.fzf/bin

Yarn version: 
  1.22.19

Node version: 
  18.12.1

Platform: 
  linux x64

Trace: 
  SyntaxError: /home/entio/Projects/microfrontends-poc/single-spa-repro/package.json: Unexpected token } in JSON at position 346
      at JSON.parse (<anonymous>)
      at /home/entio/.nvm/versions/node/v18.12.1/lib/node_modules/yarn/lib/cli.js:1629:59
      at Generator.next (<anonymous>)
      at step (/home/entio/.nvm/versions/node/v18.12.1/lib/node_modules/yarn/lib/cli.js:310:30)
      at /home/entio/.nvm/versions/node/v18.12.1/lib/node_modules/yarn/lib/cli.js:321:13

npm manifest: 
  {
  	"name": "@MW/spa-poc",
  	"version": "0.1.0",
  	"private": true,
  	"scripts": {
  		"install": "cd container/ && yarn install & cd app-navbar/ && yarn install & cd app-one/ && yarn install & cd app-two/ && yarn install",
  		"run": "cd container/ && yarn start & cd app-navbar/ && yarn serve & cd app-one/ && yarn serve & cd app-two/ && yarn serve",
  	}
  }

yarn manifest: 
  No manifest

Lockfile: 
  # THIS IS AN AUTOGENERATED FILE. DO NOT EDIT THIS FILE DIRECTLY.
  # yarn lockfile v1
